{"level":"INFO","timestamp":"2018-08-09 22:47:13.932","file":"api_server/main.go:53","msg":"Start to listening the incoming requests on http address: :8888"}
{"level":"INFO","timestamp":"2018-08-09 22:47:13.936","file":"api_server/main.go:50","msg":"The router has been deployed successfully."}
{"level":"INFO","timestamp":"2018-08-09 22:57:36.910","file":"config/config.go:77","msg":"Config file changed: /Users/lawtech/go/src/go_projects/api_server/conf/config.yaml"}
{"level":"INFO","timestamp":"2018-08-09 22:57:41.765","file":"config/config.go:77","msg":"Config file changed: /Users/lawtech/go/src/go_projects/api_server/conf/config.yaml"}
{"level":"INFO","timestamp":"2018-08-09 22:57:46.226","file":"config/config.go:77","msg":"Config file changed: /Users/lawtech/go/src/go_projects/api_server/conf/config.yaml"}
{"level":"INFO","timestamp":"2018-08-09 22:57:49.478","file":"config/config.go:77","msg":"Config file changed: /Users/lawtech/go/src/go_projects/api_server/conf/config.yaml"}
{"level":"INFO","timestamp":"2018-08-09 22:57:56.522","file":"config/config.go:77","msg":"Config file changed: /Users/lawtech/go/src/go_projects/api_server/conf/config.yaml"}
{"level":"INFO","timestamp":"2018-08-09 22:58:00.638","file":"config/config.go:77","msg":"Config file changed: /Users/lawtech/go/src/go_projects/api_server/conf/config.yaml"}
{"level":"INFO","timestamp":"2018-08-09 22:58:14.315","file":"config/config.go:77","msg":"Config file changed: /Users/lawtech/go/src/go_projects/api_server/conf/config.yaml"}
{"level":"INFO","timestamp":"2018-08-09 22:58:22.022","file":"config/config.go:77","msg":"Config file changed: /Users/lawtech/go/src/go_projects/api_server/conf/config.yaml"}
{"level":"INFO","timestamp":"2018-08-09 23:24:39.998","file":"api_server/main.go:58","msg":"Start to listening the incoming requests on http address: :8888"}
{"level":"INFO","timestamp":"2018-08-09 23:24:39.999","file":"api_server/main.go:55","msg":"The router has been deployed successfully."}
{"level":"INFO","timestamp":"2018-08-10 12:31:32.346","file":"api_server/main.go:58","msg":"Start to listening the incoming requests on http address: :8888"}
{"level":"INFO","timestamp":"2018-08-10 12:31:32.349","file":"api_server/main.go:55","msg":"The router has been deployed successfully."}
{"level":"DEBUG","timestamp":"2018-08-10 12:35:13.122","file":"user/create.go:30","msg":"username is [admin], password is []"}
{"level":"DEBUG","timestamp":"2018-08-10 12:35:40.961","file":"user/create.go:30","msg":"username is [], password is [admin]"}
{"level":"ERROR","timestamp":"2018-08-10 12:35:40.963","file":"user/create.go:34","msg":"Get an error","data":{"error":"Err - code: 20102, message: The user was not found. This is add message., error: username can not found in db: xx.xx.xx.xx"}}
{"level":"DEBUG","timestamp":"2018-08-10 12:35:40.963","file":"user/create.go:38","msg":"err type is ErrUserNotFound"}
{"level":"DEBUG","timestamp":"2018-08-10 12:39:07.779","file":"user/create.go:30","msg":"username is [admin], password is [admin]"}
{"level":"INFO","timestamp":"2018-08-10 17:46:47.222","file":"config/config.go:77","msg":"Config file changed: /Users/lawtech/go/src/go_projects/api_server/conf/config.yaml"}
{"level":"INFO","timestamp":"2018-08-10 17:46:53.726","file":"api_server/main.go:58","msg":"Start to listening the incoming requests on http address: :8080"}
{"level":"INFO","timestamp":"2018-08-10 17:46:53.727","file":"api_server/main.go:55","msg":"The router has been deployed successfully."}
{"level":"INFO","timestamp":"2018-08-10 17:48:11.086","file":"api_server/main.go:58","msg":"Start to listening the incoming requests on http address: :8080"}
{"level":"INFO","timestamp":"2018-08-10 17:48:11.087","file":"api_server/main.go:70","msg":"Waiting for the router, retry in 1 second."}
{"level":"INFO","timestamp":"2018-08-10 17:48:12.091","file":"api_server/main.go:55","msg":"The router has been deployed successfully."}
{"level":"INFO","timestamp":"2018-08-10 17:48:41.601","file":"user/create.go:26","msg":"URL username: admin2"}
{"level":"INFO","timestamp":"2018-08-10 17:48:41.601","file":"user/create.go:29","msg":"URL key param desc: test"}
{"level":"INFO","timestamp":"2018-08-10 17:48:41.601","file":"user/create.go:32","msg":"Header Content-Type: application/json"}
{"level":"DEBUG","timestamp":"2018-08-10 17:48:41.601","file":"user/create.go:34","msg":"username is: [admin], password is [admin]"}
{"level":"INFO","timestamp":"2018-08-12 17:09:25.100","file":"api_server/main.go:58","msg":"Start to listening the incoming requests on http address: :8080"}
{"level":"INFO","timestamp":"2018-08-12 17:09:25.100","file":"api_server/main.go:70","msg":"Waiting for the router, retry in 1 second."}
{"level":"INFO","timestamp":"2018-08-12 17:09:26.105","file":"api_server/main.go:55","msg":"The router has been deployed successfully."}
{"level":"INFO","timestamp":"2018-08-12 17:09:50.518","file":"user/create.go:20","msg":"User Create function called.","data":{"X-Request-Id":""}}
{"level":"INFO","timestamp":"2018-08-12 17:10:01.905","file":"user/list.go:19","msg":"Update function called.","data":{"X-Request-Id":""}}
{"level":"INFO","timestamp":"2018-08-12 17:10:30.449","file":"user/get.go:19","msg":"Update function called.","data":{"X-Request-Id":""}}
{"level":"INFO","timestamp":"2018-08-12 17:10:46.644","file":"user/update.go:20","msg":"Update function called.","data":{"X-Request-Id":""}}
{"level":"INFO","timestamp":"2018-08-12 17:10:56.076","file":"user/get.go:19","msg":"Update function called.","data":{"X-Request-Id":""}}
{"level":"INFO","timestamp":"2018-08-12 17:11:15.091","file":"user/list.go:19","msg":"Update function called.","data":{"X-Request-Id":""}}
